<?xml version="1.0" encoding="UTF-8"?>
<!-- Generated by org.testng.reporters.JUnitReportReporter -->
<testsuite hostname="WIN-O8ROO69HMV9" name="com.qa.tests.GitHub_APITest" tests="4" failures="0" timestamp="5 Aug 2019 17:55:03 GMT" time="3.172" errors="0">
  <testcase name="createRepository" time="2.290" classname="com.qa.tests.GitHub_APITest"/>
  <testcase name="markStarRepository" time="0.452" classname="com.qa.tests.GitHub_APITest"/>
  <testcase name="verifyStarRepository" time="0.204" classname="com.qa.tests.GitHub_APITest"/>
  <testcase name="verifyRepository" time="0.226" classname="com.qa.tests.GitHub_APITest"/>
</testsuite> <!-- com.qa.tests.GitHub_APITest -->
