<?xml version="1.0" encoding="UTF-8"?>
<!-- Generated by org.testng.reporters.JUnitReportReporter -->
<testsuite hostname="WIN-O8ROO69HMV9" name="com.agrostar.automation.AmazonAutomation.AmazonTest_Class" tests="1" failures="0" timestamp="4 Aug 2019 16:59:59 GMT" time="35.829" errors="0">
  <testcase name="verifyFunctionalityOfAddingItemsToCart" time="35.829" classname="com.agrostar.automation.AmazonAutomation.AmazonTest_Class"/>
</testsuite> <!-- com.agrostar.automation.AmazonAutomation.AmazonTest_Class -->
