<?xml version="1.0" encoding="UTF-8"?>
<!-- Generated by org.testng.reporters.JUnitReportReporter -->
<testsuite hostname="WIN-O8ROO69HMV9" name="com.agrostar.automation.AmazonAutomation.AmazonTest_Class" tests="1" failures="0" timestamp="5 Aug 2019 19:07:49 GMT" time="32.269" errors="0">
  <testcase name="verifyFunctionalityOfAddingItemsToCart" time="32.269" classname="com.agrostar.automation.AmazonAutomation.AmazonTest_Class"/>
</testsuite> <!-- com.agrostar.automation.AmazonAutomation.AmazonTest_Class -->
